27.11.2020 10:06:55.217 [main] INFO   Slf4j.Logger.Log - РћС‚РІРµС‚ РѕС‚ СЃРµСЂРІРёСЃР°: [{"system":"cb","rate":10.0,"currency":"RU"}]
27.11.2020 10:08:19.489 [main] INFO   Slf4j.Logger.Log - {"system":"cb","currency":"RU","rate":8.0}
27.11.2020 10:08:19.492 [main] INFO   Slf4j.Logger.Log - РћС‚РїСЂР°РІРєР° Post РЅР° РґРѕР±Р°РІР»РµРЅРёРµ/РѕР±РЅРѕРІР»РµРЅРёРµ Р·Р°РїРёСЃРё: {"system":"cb","currency":"RU","rate":8.0}
27.11.2020 10:08:21.251 [main] INFO   Slf4j.Logger.Log - РџСЂРѕРІРµСЂРєР° РІС‹РїРѕР»РЅРµРЅРёСЏ Р·Р°РїСЂРѕСЃР°
27.11.2020 10:10:25.318 [main] INFO   Slf4j.Logger.Log - РћС‚РІРµС‚ РѕС‚ СЃРµСЂРІРёСЃР°: [{"system":"cb","rate":8.0,"currency":"RU"}]
27.11.2020 10:10:25.322 [main] INFO   Slf4j.Logger.Log - РћР¶РёРґР°РµРјС‹Р№ РѕС‚РІРµС‚: {"system":"cb","rate":8.0,"currency":"RU"}
27.11.2020 10:20:43.334 [main] INFO   Slf4j.Logger.Log - РћС‚РІРµС‚ РѕС‚ СЃРµСЂРІРёСЃР°: [{"system":"cb","rate":8.0,"currency":"RU"}]
27.11.2020 10:20:43.337 [main] INFO   Slf4j.Logger.Log - РћР¶РёРґР°РµРјС‹Р№ РѕС‚РІРµС‚: [{"system":"cb","rate":8.0,"currency":"RU"}]
27.11.2020 10:23:20.309 [main] INFO   Slf4j.Logger.Log - РћС‚РІРµС‚ РѕС‚ СЃРµСЂРІРёСЃР°: [jacksonExample.models.CBRates@27f3b6d6]
27.11.2020 10:23:20.317 [main] INFO   Slf4j.Logger.Log - РћР¶РёРґР°РµРјС‹Р№ РѕС‚РІРµС‚: [{"system":"cb","rate":8.0,"currency":"RU"}]
27.11.2020 10:29:41.123 [main] INFO   Slf4j.Logger.Log - РђРєС‚СѓР°Р»СЊРЅС‹Р№ РѕС‚РІРµС‚ РѕС‚ СЃРµСЂРІРёСЃР°: [{"system":"cb","rate":8.0,"currency":"RU"}]
27.11.2020 10:29:41.126 [main] INFO   Slf4j.Logger.Log - РћР¶РёРґР°РµРјС‹Р№ РѕС‚РІРµС‚: [{"system":"cb","rate":8.0,"currency":"RU"}]
27.11.2020 10:33:10.034 [main] INFO   Slf4j.Logger.Log - РћС‚РїСЂР°РІРєР° Post РЅР° РґРѕР±Р°РІР»РµРЅРёРµ/РѕР±РЅРѕРІР»РµРЅРёРµ Р·Р°РїРёСЃРё: {"system":"cb","currency":"RU","rate":8.0}
27.11.2020 10:33:11.531 [main] INFO   Slf4j.Logger.Log - РџСЂРѕРІРµСЂРєР° РІС‹РїРѕР»РЅРµРЅРёСЏ Р·Р°РїСЂРѕСЃР°
27.11.2020 10:33:11.842 [main] INFO   Slf4j.Logger.Log - Р—Р°РїСЂРѕСЃ Р±С‹Р» РІС‹РїРѕР»РЅРµРЅ - РєРѕРґ РѕС‚РІРµС‚Р°: 0
27.11.2020 10:33:11.843 [main] ERROR  Slf4j.Logger.Log - Р—Р°РїСЂРѕСЃ РЅРµ РІС‹РїРѕР»РЅРµРЅ
27.11.2020 10:36:14.016 [main] INFO   Slf4j.Logger.Log - РђРєС‚СѓР°Р»СЊРЅС‹Р№ РѕС‚РІРµС‚ РѕС‚ СЃРµСЂРІРёСЃР°: [{"system":"cb","rate":8.0,"currency":"RU"}]
27.11.2020 10:36:14.020 [main] INFO   Slf4j.Logger.Log - РћР¶РёРґР°РµРјС‹Р№ РѕС‚РІРµС‚: [{"system":"cb","rate":8.0,"currency":"RU"}]
27.11.2020 10:38:47.944 [main] INFO   Slf4j.Logger.Log - РђРєС‚СѓР°Р»СЊРЅС‹Р№ РѕС‚РІРµС‚ РѕС‚ СЃРµСЂРІРёСЃР°: [{"system":"cb","rate":8.0,"currency":"RU"}]
27.11.2020 10:38:47.948 [main] INFO   Slf4j.Logger.Log - РћР¶РёРґР°РµРјС‹Р№ РѕС‚РІРµС‚ РѕС‚ СЃРµСЂРІРёСЃР°: {"system":"cb","rate":8.0,"currency":"RU"}
27.11.2020 10:41:50.945 [main] INFO   Slf4j.Logger.Log - РђРєС‚СѓР°Р»СЊРЅС‹Р№ РѕС‚РІРµС‚ РѕС‚ СЃРµСЂРІРёСЃР°: [{"system":"cb","rate":8.0,"currency":"RU"}]
27.11.2020 10:41:50.948 [main] INFO   Slf4j.Logger.Log - РћР¶РёРґР°РµРјС‹Р№ РѕС‚РІРµС‚ РѕС‚ СЃРµСЂРІРёСЃР°: [{"system":"cb","rate":8.0,"currency":"RU"}]
27.11.2020 10:50:20.273 [main] INFO   Slf4j.Logger.Log - РђРєС‚СѓР°Р»СЊРЅС‹Р№ РѕС‚РІРµС‚ РѕС‚ СЃРµСЂРІРёСЃР°: [jacksonExample.models.CBRates@6aa648b9]
27.11.2020 10:50:20.291 [main] INFO   Slf4j.Logger.Log - РћР¶РёРґР°РµРјС‹Р№ РѕС‚РІРµС‚ РѕС‚ СЃРµСЂРІРёСЃР°: [{"system":"cb","rate":8.0,"currency":"RU"}]
27.11.2020 10:54:16.052 [main] INFO   Slf4j.Logger.Log - РђРєС‚СѓР°Р»СЊРЅС‹Р№ РѕС‚РІРµС‚ РѕС‚ СЃРµСЂРІРёСЃР°: [{"system":"cb","rate":8.0,"currency":"RU"}]
27.11.2020 10:54:16.055 [main] INFO   Slf4j.Logger.Log - РћР¶РёРґР°РµРјС‹Р№ РѕС‚РІРµС‚ РѕС‚ СЃРµСЂРІРёСЃР°: [{"system":"cb","rate":9.0,"currency":"RU"}]
27.11.2020 10:55:40.676 [main] INFO   Slf4j.Logger.Log - РђРєС‚СѓР°Р»СЊРЅС‹Р№ РѕС‚РІРµС‚ РѕС‚ СЃРµСЂРІРёСЃР°: [{"system":"cb","rate":8.0,"currency":"RU"}]
27.11.2020 10:55:40.679 [main] INFO   Slf4j.Logger.Log - РћР¶РёРґР°РµРјС‹Р№ РѕС‚РІРµС‚ РѕС‚ СЃРµСЂРІРёСЃР°: [{"system":"cb","rate":8.0,"currency":"RU"}]
27.11.2020 10:57:36.033 [main] INFO   Slf4j.Logger.Log - РђРєС‚СѓР°Р»СЊРЅС‹Р№ РѕС‚РІРµС‚ РѕС‚ СЃРµСЂРІРёСЃР°: [{"system":"cb","rate":8.0,"currency":"RU"}]
27.11.2020 10:57:36.037 [main] INFO   Slf4j.Logger.Log - РћР¶РёРґР°РµРјС‹Р№ РѕС‚РІРµС‚ РѕС‚ СЃРµСЂРІРёСЃР°: [{"system":"cb","rate":8.0,"currency":"RU"}]
27.11.2020 11:03:06.609 [main] INFO   Slf4j.Logger.Log - РђРєС‚СѓР°Р»СЊРЅС‹Р№ РѕС‚РІРµС‚ РѕС‚ СЃРµСЂРІРёСЃР°: [{"system":"cb","rate":8.0,"currency":"RU"}]
27.11.2020 11:03:06.613 [main] INFO   Slf4j.Logger.Log - РћР¶РёРґР°РµРјС‹Р№ РѕС‚РІРµС‚ РѕС‚ СЃРµСЂРІРёСЃР°: [{"system":"cb","rate":9.0,"currency":"RU"}]
27.11.2020 11:03:06.654 [main] INFO   Slf4j.Logger.Log - РћС‚РїСЂР°РІРєР° Post РЅР° РґРѕР±Р°РІР»РµРЅРёРµ/РѕР±РЅРѕРІР»РµРЅРёРµ Р·Р°РїРёСЃРё: {"system":"cb","currency":"RU","rate":9.0}
27.11.2020 11:03:06.839 [main] INFO   Slf4j.Logger.Log - РџСЂРѕРІРµСЂРєР° РІС‹РїРѕР»РЅРµРЅРёСЏ Р·Р°РїСЂРѕСЃР°
27.11.2020 11:03:07.035 [main] INFO   Slf4j.Logger.Log - Р—Р°РїСЂРѕСЃ Р±С‹Р» РІС‹РїРѕР»РЅРµРЅ - РєРѕРґ РѕС‚РІРµС‚Р°: 0
27.11.2020 11:04:04.788 [main] INFO   Slf4j.Logger.Log - РђРєС‚СѓР°Р»СЊРЅС‹Р№ РѕС‚РІРµС‚ РѕС‚ СЃРµСЂРІРёСЃР°: [{"system":"cb","rate":9.0,"currency":"RU"}]
27.11.2020 11:04:04.791 [main] INFO   Slf4j.Logger.Log - РћР¶РёРґР°РµРјС‹Р№ РѕС‚РІРµС‚ РѕС‚ СЃРµСЂРІРёСЃР°: [{"system":"cb","rate":8.0,"currency":"RU"}]
27.11.2020 11:04:04.828 [main] INFO   Slf4j.Logger.Log - РћС‚РїСЂР°РІРєР° Post РЅР° РґРѕР±Р°РІР»РµРЅРёРµ/РѕР±РЅРѕРІР»РµРЅРёРµ Р·Р°РїРёСЃРё: {"system":"cb","currency":"RU","rate":8.0}
27.11.2020 11:04:04.977 [main] INFO   Slf4j.Logger.Log - РџСЂРѕРІРµСЂРєР° РІС‹РїРѕР»РЅРµРЅРёСЏ Р·Р°РїСЂРѕСЃР°
27.11.2020 11:04:05.208 [main] INFO   Slf4j.Logger.Log - Р—Р°РїСЂРѕСЃ Р±С‹Р» РІС‹РїРѕР»РЅРµРЅ - РєРѕРґ РѕС‚РІРµС‚Р°: 0
27.11.2020 11:04:49.909 [main] INFO   Slf4j.Logger.Log - РћС‚РїСЂР°РІРєР° Post РЅР° РґРѕР±Р°РІР»РµРЅРёРµ/РѕР±РЅРѕРІР»РµРЅРёРµ Р·Р°РїРёСЃРё: {"system":"cb","currency":"RU","rate":10.0}
27.11.2020 11:04:51.663 [main] INFO   Slf4j.Logger.Log - РџСЂРѕРІРµСЂРєР° РІС‹РїРѕР»РЅРµРЅРёСЏ Р·Р°РїСЂРѕСЃР°
27.11.2020 11:04:52.013 [main] INFO   Slf4j.Logger.Log - Р—Р°РїСЂРѕСЃ Р±С‹Р» РІС‹РїРѕР»РЅРµРЅ - РєРѕРґ РѕС‚РІРµС‚Р°: 0
27.11.2020 11:05:14.669 [main] INFO   Slf4j.Logger.Log - РђРєС‚СѓР°Р»СЊРЅС‹Р№ РѕС‚РІРµС‚ РѕС‚ СЃРµСЂРІРёСЃР°: [{"system":"cb","rate":10.0,"currency":"RU"}]
27.11.2020 11:05:14.672 [main] INFO   Slf4j.Logger.Log - РћР¶РёРґР°РµРјС‹Р№ РѕС‚РІРµС‚ РѕС‚ СЃРµСЂРІРёСЃР°: [{"system":"cb","rate":10.0,"currency":"RU"}]
27.11.2020 11:05:14.674 [main] INFO   Slf4j.Logger.Log - РћС‚РІРµС‚С‹ СЃРѕРІРїР°РґР°СЋС‚
27.11.2020 11:05:43.614 [main] INFO   Slf4j.Logger.Log - РћС‚РїСЂР°РІРєР° Post РЅР° РґРѕР±Р°РІР»РµРЅРёРµ/РѕР±РЅРѕРІР»РµРЅРёРµ Р·Р°РїРёСЃРё: {"system":"cb","currency":"RU","rate":11.0}
27.11.2020 11:05:45.247 [main] INFO   Slf4j.Logger.Log - РџСЂРѕРІРµСЂРєР° РІС‹РїРѕР»РЅРµРЅРёСЏ Р·Р°РїСЂРѕСЃР°
27.11.2020 11:05:45.638 [main] INFO   Slf4j.Logger.Log - Р—Р°РїСЂРѕСЃ Р±С‹Р» РІС‹РїРѕР»РЅРµРЅ - РєРѕРґ РѕС‚РІРµС‚Р°: 0
27.11.2020 11:05:45.934 [main] INFO   Slf4j.Logger.Log - РђРєС‚СѓР°Р»СЊРЅС‹Р№ РѕС‚РІРµС‚ РѕС‚ СЃРµСЂРІРёСЃР°: [{"system":"cb","rate":11.0,"currency":"RU"}]
27.11.2020 11:05:45.935 [main] INFO   Slf4j.Logger.Log - РћР¶РёРґР°РµРјС‹Р№ РѕС‚РІРµС‚ РѕС‚ СЃРµСЂРІРёСЃР°: [{"system":"cb","rate":11.0,"currency":"RU"}]
27.11.2020 11:05:45.936 [main] INFO   Slf4j.Logger.Log - РћС‚РІРµС‚С‹ СЃРѕРІРїР°РґР°СЋС‚
27.11.2020 16:14:17.505 [main] INFO  - РћС‚РїСЂР°РІРєР° Post РЅР° РґРѕР±Р°РІР»РµРЅРёРµ/РѕР±РЅРѕРІР»РµРЅРёРµ Р·Р°РїРёСЃРё: {"system":"cb","currency":"RU","rate":11.0}
27.11.2020 16:14:20.458 [main] INFO  - РџСЂРѕРІРµСЂРєР° РІС‹РїРѕР»РЅРµРЅРёСЏ Р·Р°РїСЂРѕСЃР°
27.11.2020 16:14:21.098 [main] INFO  - Р—Р°РїСЂРѕСЃ Р±С‹Р» РІС‹РїРѕР»РЅРµРЅ - РєРѕРґ РѕС‚РІРµС‚Р°: 0
27.11.2020 16:21:18.365 [TestNG-test=Surefire test-1] INFO  - Отправка Post на добавление/обновление записи: {"system":"cb","currency":"RU","rate":11.0}
27.11.2020 16:21:21.110 [TestNG-test=Surefire test-1] INFO  - Проверка выполнения запроса
27.11.2020 16:21:21.589 [TestNG-test=Surefire test-1] INFO  - Запрос был выполнен - код ответа: 0
27.11.2020 16:21:22.451 [TestNG-test=Surefire test-2] INFO  - Актуальный ответ от сервиса: [{"system":"cb","rate":11.0,"currency":"RU"}]
27.11.2020 16:21:22.453 [TestNG-test=Surefire test-2] INFO  - Ожидаемый ответ от сервиса: [{"system":"cb","rate":11.0,"currency":"RU"}]
27.11.2020 16:21:22.454 [TestNG-test=Surefire test-2] INFO  - Ответы совпадают
27.11.2020 16:25:38.259 [main] INFO  - РћС‚РїСЂР°РІРєР° Post РЅР° РґРѕР±Р°РІР»РµРЅРёРµ/РѕР±РЅРѕРІР»РµРЅРёРµ Р·Р°РїРёСЃРё: {"system":"cb","currency":"RU","rate":11.0}
27.11.2020 16:25:41.246 [main] INFO  - РџСЂРѕРІРµСЂРєР° РІС‹РїРѕР»РЅРµРЅРёСЏ Р·Р°РїСЂРѕСЃР°
27.11.2020 16:25:41.740 [main] INFO  - Р—Р°РїСЂРѕСЃ Р±С‹Р» РІС‹РїРѕР»РЅРµРЅ - РєРѕРґ РѕС‚РІРµС‚Р°: 0
27.11.2020 16:25:42.307 [main] INFO  - РђРєС‚СѓР°Р»СЊРЅС‹Р№ РѕС‚РІРµС‚ РѕС‚ СЃРµСЂРІРёСЃР°: [{"system":"cb","rate":11.0,"currency":"RU"}]
27.11.2020 16:25:42.314 [main] INFO  - РћР¶РёРґР°РµРјС‹Р№ РѕС‚РІРµС‚ РѕС‚ СЃРµСЂРІРёСЃР°: [{"system":"cb","rate":11.0,"currency":"RU"}]
27.11.2020 16:25:42.315 [main] INFO  - РћС‚РІРµС‚С‹ СЃРѕРІРїР°РґР°СЋС‚
27.11.2020 16:26:06.329 [TestNG-test=Surefire test-1] INFO  - Отправка Post на добавление/обновление записи: {"system":"cb","currency":"RU","rate":11.0}
27.11.2020 16:26:08.947 [TestNG-test=Surefire test-1] INFO  - Проверка выполнения запроса
27.11.2020 16:26:09.404 [TestNG-test=Surefire test-1] INFO  - Запрос был выполнен - код ответа: 0
27.11.2020 16:26:09.881 [TestNG-test=Surefire test-2] INFO  - Актуальный ответ от сервиса: [{"system":"cb","rate":11.0,"currency":"RU"}]
27.11.2020 16:26:09.882 [TestNG-test=Surefire test-2] INFO  - Ожидаемый ответ от сервиса: [{"system":"cb","rate":11.0,"currency":"RU"}]
27.11.2020 16:26:09.882 [TestNG-test=Surefire test-2] INFO  - Ответы совпадают
